[debug] [2021-10-16T14:27:59.712Z] ----------------------------------------------------------------------
[debug] [2021-10-16T14:27:59.714Z] Command:       C:\Program Files\nodejs\node.exe C:\Users\mathe\AppData\Roaming\npm\node_modules\firebase-tools\lib\bin\firebase.js init
[debug] [2021-10-16T14:27:59.715Z] CLI Version:   9.20.0
[debug] [2021-10-16T14:27:59.715Z] Platform:      win32
[debug] [2021-10-16T14:27:59.715Z] Node Version:  v14.17.4
[debug] [2021-10-16T14:27:59.716Z] Time:          Sat Oct 16 2021 11:27:59 GMT-0300 (Horário Padrão de Brasília)
[debug] [2021-10-16T14:27:59.716Z] ----------------------------------------------------------------------
[debug] 
[debug] [2021-10-16T14:27:59.726Z] > command requires scopes: ["email","openid","https://www.googleapis.com/auth/cloudplatformprojects.readonly","https://www.googleapis.com/auth/firebase","https://www.googleapis.com/auth/cloud-platform"]
[debug] [2021-10-16T14:27:59.726Z] > authorizing via signed-in user (matheus.saraujo@gmail.com)
[info] 
     ######## #### ########  ######## ########     ###     ######  ########
     ##        ##  ##     ## ##       ##     ##  ##   ##  ##       ##
     ######    ##  ########  ######   ########  #########  ######  ######
     ##        ##  ##    ##  ##       ##     ## ##     ##       ## ##
     ##       #### ##     ## ######## ########  ##     ##  ######  ########

You're about to initialize a Firebase project in this directory:

  C:\Users\mathe\Sources\cantodarua

[info] 
=== Project Setup
[info] 
[info] First, let's associate this project directory with a Firebase project.
[info] You can create multiple project aliases by running firebase use --add, 
[info] but for now we'll just set up a default project.
[info] 
[info] i  If you want to create a project in a Google Cloud organization or folder, please use "firebase projects:create" instead, and return to this command when you've created the project. 
[debug] [2021-10-16T14:28:37.023Z] > refreshing access token with scopes: ["email","https://www.googleapis.com/auth/cloud-platform","https://www.googleapis.com/auth/cloudplatformprojects.readonly","https://www.googleapis.com/auth/firebase","openid"]
[debug] [2021-10-16T14:28:37.023Z] >>> HTTP REQUEST POST https://www.googleapis.com/oauth2/v3/token  
 <request body omitted>
[debug] [2021-10-16T14:28:37.304Z] <<< HTTP RESPONSE 200 {"cache-control":"no-cache, no-store, max-age=0, must-revalidate","pragma":"no-cache","expires":"Mon, 01 Jan 1990 00:00:00 GMT","date":"Sat, 16 Oct 2021 14:28:37 GMT","content-type":"application/json; charset=utf-8","vary":"X-Origin, Referer, Origin,Accept-Encoding","server":"scaffolding on HTTPServer2","x-xss-protection":"0","x-frame-options":"SAMEORIGIN","x-content-type-options":"nosniff","alt-svc":"h3=\":443\"; ma=2592000,h3-29=\":443\"; ma=2592000,h3-T051=\":443\"; ma=2592000,h3-Q050=\":443\"; ma=2592000,h3-Q046=\":443\"; ma=2592000,h3-Q043=\":443\"; ma=2592000,quic=\":443\"; ma=2592000; v=\"46,43\"","accept-ranges":"none","transfer-encoding":"chunked"}
[debug] [2021-10-16T14:28:37.318Z] >>> HTTP REQUEST POST https://cloudresourcemanager.googleapis.com/v1/projects  
 {"projectId":"cantodarua-dev","name":"cantodarua-dev"}
[debug] [2021-10-16T14:28:38.402Z] <<< HTTP RESPONSE 200 {"content-type":"application/json; charset=UTF-8","vary":"X-Origin, Referer, Origin,Accept-Encoding","date":"Sat, 16 Oct 2021 14:28:38 GMT","server":"ESF","cache-control":"private","x-xss-protection":"0","x-frame-options":"SAMEORIGIN","x-content-type-options":"nosniff","server-timing":"gfet4t7; dur=892","alt-svc":"h3=\":443\"; ma=2592000,h3-29=\":443\"; ma=2592000,h3-T051=\":443\"; ma=2592000,h3-Q050=\":443\"; ma=2592000,h3-Q046=\":443\"; ma=2592000,h3-Q043=\":443\"; ma=2592000,quic=\":443\"; ma=2592000; v=\"46,43\"","accept-ranges":"none","transfer-encoding":"chunked"}
[debug] [2021-10-16T14:28:38.404Z] > refreshing access token with scopes: []
[debug] [2021-10-16T14:28:38.405Z] >>> HTTP REQUEST POST https://www.googleapis.com/oauth2/v3/token  
 <request body omitted>
[debug] [2021-10-16T14:28:38.695Z] <<< HTTP RESPONSE 200 {"expires":"Mon, 01 Jan 1990 00:00:00 GMT","date":"Sat, 16 Oct 2021 14:28:38 GMT","cache-control":"no-cache, no-store, max-age=0, must-revalidate","pragma":"no-cache","content-type":"application/json; charset=utf-8","vary":"X-Origin, Referer, Origin,Accept-Encoding","server":"scaffolding on HTTPServer2","x-xss-protection":"0","x-frame-options":"SAMEORIGIN","x-content-type-options":"nosniff","alt-svc":"h3=\":443\"; ma=2592000,h3-29=\":443\"; ma=2592000,h3-T051=\":443\"; ma=2592000,h3-Q050=\":443\"; ma=2592000,h3-Q046=\":443\"; ma=2592000,h3-Q043=\":443\"; ma=2592000,quic=\":443\"; ma=2592000; v=\"46,43\"","accept-ranges":"none","transfer-encoding":"chunked"}
[debug] [2021-10-16T14:28:38.706Z] >>> [apiv2][query] GET https://cloudresourcemanager.googleapis.com/v1/operations/cp.7233216787684478792 [none]
[debug] [2021-10-16T14:28:39.943Z] <<< [apiv2][status] GET https://cloudresourcemanager.googleapis.com/v1/operations/cp.7233216787684478792 200
[debug] [2021-10-16T14:28:39.944Z] <<< [apiv2][body] GET https://cloudresourcemanager.googleapis.com/v1/operations/cp.7233216787684478792 {"name":"operations/cp.7233216787684478792"}
[debug] [2021-10-16T14:28:40.452Z] [Project Creation Poller] Retrying task index 0
[debug] [2021-10-16T14:28:40.453Z] >>> [apiv2][query] GET https://cloudresourcemanager.googleapis.com/v1/operations/cp.7233216787684478792 [none]
[debug] [2021-10-16T14:28:41.798Z] <<< [apiv2][status] GET https://cloudresourcemanager.googleapis.com/v1/operations/cp.7233216787684478792 200
[debug] [2021-10-16T14:28:41.798Z] <<< [apiv2][body] GET https://cloudresourcemanager.googleapis.com/v1/operations/cp.7233216787684478792 {"name":"operations/cp.7233216787684478792","metadata":{"@type":"type.googleapis.com/google.cloudresourcemanager.v1.ProjectCreationStatus","gettable":true,"ready":true},"done":true,"response":{"@type":"type.googleapis.com/google.cloudresourcemanager.v1.Project","projectNumber":"213169118544","projectId":"cantodarua-dev","lifecycleState":"ACTIVE","name":"cantodarua-dev","createTime":"2021-10-16T14:28:38.222Z"}}
[debug] [2021-10-16T14:28:41.808Z] > refreshing access token with scopes: ["email","https://www.googleapis.com/auth/cloud-platform","https://www.googleapis.com/auth/cloudplatformprojects.readonly","https://www.googleapis.com/auth/firebase","openid"]
[debug] [2021-10-16T14:28:41.808Z] >>> HTTP REQUEST POST https://www.googleapis.com/oauth2/v3/token  
 <request body omitted>
[debug] [2021-10-16T14:28:42.080Z] <<< HTTP RESPONSE 200 {"date":"Sat, 16 Oct 2021 14:28:42 GMT","pragma":"no-cache","cache-control":"no-cache, no-store, max-age=0, must-revalidate","expires":"Mon, 01 Jan 1990 00:00:00 GMT","content-type":"application/json; charset=utf-8","vary":"X-Origin, Referer, Origin,Accept-Encoding","server":"scaffolding on HTTPServer2","x-xss-protection":"0","x-frame-options":"SAMEORIGIN","x-content-type-options":"nosniff","alt-svc":"h3=\":443\"; ma=2592000,h3-29=\":443\"; ma=2592000,h3-T051=\":443\"; ma=2592000,h3-Q050=\":443\"; ma=2592000,h3-Q046=\":443\"; ma=2592000,h3-Q043=\":443\"; ma=2592000,quic=\":443\"; ma=2592000; v=\"46,43\"","accept-ranges":"none","transfer-encoding":"chunked"}
[debug] [2021-10-16T14:28:42.094Z] >>> HTTP REQUEST POST https://firebase.googleapis.com/v1beta1/projects/cantodarua-dev:addFirebase  
 
[debug] [2021-10-16T14:28:44.956Z] <<< HTTP RESPONSE 200 {"content-type":"application/json; charset=UTF-8","vary":"X-Origin, Referer, Origin,Accept-Encoding","date":"Sat, 16 Oct 2021 14:28:44 GMT","server":"ESF","cache-control":"private","x-xss-protection":"0","x-frame-options":"SAMEORIGIN","x-content-type-options":"nosniff","alt-svc":"h3=\":443\"; ma=2592000,h3-29=\":443\"; ma=2592000,h3-T051=\":443\"; ma=2592000,h3-Q050=\":443\"; ma=2592000,h3-Q046=\":443\"; ma=2592000,h3-Q043=\":443\"; ma=2592000,quic=\":443\"; ma=2592000; v=\"46,43\"","accept-ranges":"none","transfer-encoding":"chunked"}
[debug] [2021-10-16T14:28:44.956Z] > refreshing access token with scopes: []
[debug] [2021-10-16T14:28:44.957Z] >>> HTTP REQUEST POST https://www.googleapis.com/oauth2/v3/token  
 <request body omitted>
[debug] [2021-10-16T14:28:45.202Z] <<< HTTP RESPONSE 200 {"date":"Sat, 16 Oct 2021 14:28:45 GMT","expires":"Mon, 01 Jan 1990 00:00:00 GMT","pragma":"no-cache","cache-control":"no-cache, no-store, max-age=0, must-revalidate","content-type":"application/json; charset=utf-8","vary":"X-Origin, Referer, Origin,Accept-Encoding","server":"scaffolding on HTTPServer2","x-xss-protection":"0","x-frame-options":"SAMEORIGIN","x-content-type-options":"nosniff","alt-svc":"h3=\":443\"; ma=2592000,h3-29=\":443\"; ma=2592000,h3-T051=\":443\"; ma=2592000,h3-Q050=\":443\"; ma=2592000,h3-Q046=\":443\"; ma=2592000,h3-Q043=\":443\"; ma=2592000,quic=\":443\"; ma=2592000; v=\"46,43\"","accept-ranges":"none","transfer-encoding":"chunked"}
[debug] [2021-10-16T14:28:45.216Z] >>> [apiv2][query] GET https://firebase.googleapis.com/v1beta1/operations/workflows/NTc5OWZiZTgtN2Y3Yi00MjY2LTlmZjUtNGEyOTRkMzhlZDgy [none]
[debug] [2021-10-16T14:28:45.982Z] <<< [apiv2][status] GET https://firebase.googleapis.com/v1beta1/operations/workflows/NTc5OWZiZTgtN2Y3Yi00MjY2LTlmZjUtNGEyOTRkMzhlZDgy 200
[debug] [2021-10-16T14:28:45.983Z] <<< [apiv2][body] GET https://firebase.googleapis.com/v1beta1/operations/workflows/NTc5OWZiZTgtN2Y3Yi00MjY2LTlmZjUtNGEyOTRkMzhlZDgy {"name":"operations/workflows/NTc5OWZiZTgtN2Y3Yi00MjY2LTlmZjUtNGEyOTRkMzhlZDgy"}
[debug] [2021-10-16T14:28:46.485Z] [Add Firebase Poller] Retrying task index 0
[debug] [2021-10-16T14:28:46.486Z] >>> [apiv2][query] GET https://firebase.googleapis.com/v1beta1/operations/workflows/NTc5OWZiZTgtN2Y3Yi00MjY2LTlmZjUtNGEyOTRkMzhlZDgy [none]
[debug] [2021-10-16T14:28:47.825Z] <<< [apiv2][status] GET https://firebase.googleapis.com/v1beta1/operations/workflows/NTc5OWZiZTgtN2Y3Yi00MjY2LTlmZjUtNGEyOTRkMzhlZDgy 200
[debug] [2021-10-16T14:28:47.825Z] <<< [apiv2][body] GET https://firebase.googleapis.com/v1beta1/operations/workflows/NTc5OWZiZTgtN2Y3Yi00MjY2LTlmZjUtNGEyOTRkMzhlZDgy {"name":"operations/workflows/NTc5OWZiZTgtN2Y3Yi00MjY2LTlmZjUtNGEyOTRkMzhlZDgy"}
[debug] [2021-10-16T14:28:48.830Z] [Add Firebase Poller] Retrying task index 0
[debug] [2021-10-16T14:28:48.830Z] >>> [apiv2][query] GET https://firebase.googleapis.com/v1beta1/operations/workflows/NTc5OWZiZTgtN2Y3Yi00MjY2LTlmZjUtNGEyOTRkMzhlZDgy [none]
[debug] [2021-10-16T14:28:50.081Z] <<< [apiv2][status] GET https://firebase.googleapis.com/v1beta1/operations/workflows/NTc5OWZiZTgtN2Y3Yi00MjY2LTlmZjUtNGEyOTRkMzhlZDgy 200
[debug] [2021-10-16T14:28:50.081Z] <<< [apiv2][body] GET https://firebase.googleapis.com/v1beta1/operations/workflows/NTc5OWZiZTgtN2Y3Yi00MjY2LTlmZjUtNGEyOTRkMzhlZDgy {"name":"operations/workflows/NTc5OWZiZTgtN2Y3Yi00MjY2LTlmZjUtNGEyOTRkMzhlZDgy"}
[debug] [2021-10-16T14:28:52.086Z] [Add Firebase Poller] Retrying task index 0
[debug] [2021-10-16T14:28:52.087Z] >>> [apiv2][query] GET https://firebase.googleapis.com/v1beta1/operations/workflows/NTc5OWZiZTgtN2Y3Yi00MjY2LTlmZjUtNGEyOTRkMzhlZDgy [none]
[debug] [2021-10-16T14:28:52.695Z] <<< [apiv2][status] GET https://firebase.googleapis.com/v1beta1/operations/workflows/NTc5OWZiZTgtN2Y3Yi00MjY2LTlmZjUtNGEyOTRkMzhlZDgy 200
[debug] [2021-10-16T14:28:52.696Z] <<< [apiv2][body] GET https://firebase.googleapis.com/v1beta1/operations/workflows/NTc5OWZiZTgtN2Y3Yi00MjY2LTlmZjUtNGEyOTRkMzhlZDgy {"name":"operations/workflows/NTc5OWZiZTgtN2Y3Yi00MjY2LTlmZjUtNGEyOTRkMzhlZDgy","done":true,"response":{"@type":"type.googleapis.com/google.firebase.service.v1beta1.FirebaseProject","projectId":"cantodarua-dev","projectNumber":"213169118544","displayName":"cantodarua-dev","name":"projects/cantodarua-dev","resources":{"hostingSite":"cantodarua-dev"}}}
[info] 
[info] === Your Firebase project is ready! ===
[info] 
[info] Project information:
[info]    - Project ID: cantodarua-dev
[info]    - Project Name: cantodarua-dev
[info] 
[info] Firebase console is available at
[info] https://console.firebase.google.com/project/cantodarua-dev/overview
[info] i  Using project cantodarua-dev (cantodarua-dev) 
[info] 
=== Hosting Setup
[info] 
[info] Your public directory is the folder (relative to your project directory) that
[info] will contain Hosting assets to be uploaded with firebase deploy. If you
[info] have a build process for your assets, use your build's output directory.
[info] 
